
===============================
[2016-09-29 05:57:06]  test here []  文件：F:\WordPress-1\wp-content\plugins\wp-background-processing-example-master\example-plugin.php 行：158 
array (
)
===============================


===============================
[2016-09-29 05:57:12]  test here []  文件：F:\WordPress-1\wp-content\plugins\wp-background-processing-example-master\example-plugin.php 行：158 
array (
)
===============================


===============================
[2016-09-29 05:57:13]  test here []  文件：F:\WordPress-1\wp-content\plugins\wp-background-processing-example-master\example-plugin.php 行：158 
array (
)
===============================


===============================
[2016-09-29 05:57:16]  test here []  文件：F:\WordPress-1\wp-content\plugins\wp-background-processing-example-master\example-plugin.php 行：158 
array (
)
===============================


===============================
[2016-09-29 05:57:17]  test here []  文件：F:\WordPress-1\wp-content\plugins\wp-background-processing-example-master\example-plugin.php 行：158 
array (
)
===============================


===============================
[2016-09-29 05:57:18]  test here []  文件：F:\WordPress-1\wp-content\plugins\wp-background-processing-example-master\example-plugin.php 行：158 
array (
)
===============================


===============================
[2016-09-29 05:57:23]  test here []  文件：F:\WordPress-1\wp-content\plugins\wp-background-processing-example-master\example-plugin.php 行：158 
array (
)
===============================


===============================
[2016-09-29 05:57:24]  test here []  文件：F:\WordPress-1\wp-content\plugins\wp-background-processing-example-master\example-plugin.php 行：158 
array (
)
===============================


===============================
[2016-09-29 05:57:29]  test here []  文件：F:\WordPress-1\wp-content\plugins\wp-background-processing-example-master\example-plugin.php 行：158 
array (
)
===============================


===============================
[2016-09-29 05:57:31]  test here []  文件：F:\WordPress-1\wp-content\plugins\wp-background-processing-example-master\example-plugin.php 行：158 
array (
)
===============================


===============================
[2016-09-29 05:57:32]  test here []  文件：F:\WordPress-1\wp-content\plugins\wp-background-processing-example-master\example-plugin.php 行：158 
array (
)
===============================


===============================
[2016-09-29 05:57:34]  test here []  文件：F:\WordPress-1\wp-content\plugins\wp-background-processing-example-master\example-plugin.php 行：158 
array (
)
===============================


===============================
[2016-09-29 05:57:36]  test here []  文件：F:\WordPress-1\wp-content\plugins\wp-background-processing-example-master\example-plugin.php 行：158 
array (
)
===============================


===============================
[2016-09-29 05:57:36]  test here []  文件：F:\WordPress-1\wp-content\plugins\wp-background-processing-example-master\example-plugin.php 行：158 
array (
)
===============================


===============================
[2016-09-29 05:57:36]  test here []  文件：F:\WordPress-1\wp-content\plugins\wp-background-processing-example-master\example-plugin.php 行：158 
array (
)
===============================


===============================
[2016-09-29 05:57:37]  test here []  文件：F:\WordPress-1\wp-content\plugins\wp-background-processing-example-master\example-plugin.php 行：158 
array (
)
===============================


===============================
[2016-09-29 05:57:38]  test here []  文件：F:\WordPress-1\wp-content\plugins\wp-background-processing-example-master\example-plugin.php 行：158 
array (
)
===============================


===============================
[2016-09-29 05:57:38]  test here []  文件：F:\WordPress-1\wp-content\plugins\wp-background-processing-example-master\example-plugin.php 行：158 
array (
)
===============================


===============================
[2016-09-29 05:57:40]  test here []  文件：F:\WordPress-1\wp-content\plugins\wp-background-processing-example-master\example-plugin.php 行：158 
array (
)
===============================


===============================
[2016-09-29 05:57:40]  test here []  文件：F:\WordPress-1\wp-content\plugins\wp-background-processing-example-master\example-plugin.php 行：158 
array (
)
===============================


===============================
[2016-09-29 05:57:42]  test here []  文件：F:\WordPress-1\wp-content\plugins\wp-background-processing-example-master\example-plugin.php 行：158 
array (
)
===============================


===============================
[2016-09-29 05:57:43]  test here []  文件：F:\WordPress-1\wp-content\plugins\wp-background-processing-example-master\example-plugin.php 行：158 
array (
)
===============================


===============================
[2016-09-29 05:57:43]  test here []  文件：F:\WordPress-1\wp-content\plugins\wp-background-processing-example-master\example-plugin.php 行：158 
array (
)
===============================


===============================
[2016-09-29 05:57:44]  test here []  文件：F:\WordPress-1\wp-content\plugins\wp-background-processing-example-master\example-plugin.php 行：158 
array (
)
===============================


===============================
[2016-09-29 05:57:45]  test here []  文件：F:\WordPress-1\wp-content\plugins\wp-background-processing-example-master\example-plugin.php 行：158 
array (
)
===============================


===============================
[2016-09-29 05:57:45]  test here []  文件：F:\WordPress-1\wp-content\plugins\wp-background-processing-example-master\example-plugin.php 行：158 
array (
)
===============================


===============================
[2016-09-29 05:57:45]  test here []  文件：F:\WordPress-1\wp-content\plugins\wp-background-processing-example-master\example-plugin.php 行：158 
array (
)
===============================


===============================
[2016-09-29 05:57:46]  test here []  文件：F:\WordPress-1\wp-content\plugins\wp-background-processing-example-master\example-plugin.php 行：158 
array (
)
===============================


===============================
[2016-09-29 05:57:47]  test here []  文件：F:\WordPress-1\wp-content\plugins\wp-background-processing-example-master\example-plugin.php 行：158 
array (
)
===============================


===============================
[2016-09-29 05:57:48]  test here []  文件：F:\WordPress-1\wp-content\plugins\wp-background-processing-example-master\example-plugin.php 行：158 
array (
)
===============================


===============================
[2016-09-29 05:57:49]  test here []  文件：F:\WordPress-1\wp-content\plugins\wp-background-processing-example-master\example-plugin.php 行：158 
array (
)
===============================


===============================
[2016-09-29 05:57:49]  test here []  文件：F:\WordPress-1\wp-content\plugins\wp-background-processing-example-master\example-plugin.php 行：158 
array (
)
===============================


===============================
[2016-09-29 05:57:50]  test here []  文件：F:\WordPress-1\wp-content\plugins\wp-background-processing-example-master\example-plugin.php 行：158 
array (
)
===============================


===============================
[2016-09-29 05:57:51]  test here []  文件：F:\WordPress-1\wp-content\plugins\wp-background-processing-example-master\example-plugin.php 行：158 
array (
)
===============================


===============================
[2016-09-29 05:57:51]  test here []  文件：F:\WordPress-1\wp-content\plugins\wp-background-processing-example-master\example-plugin.php 行：158 
array (
)
===============================


===============================
[2016-09-29 05:57:52]  test here []  文件：F:\WordPress-1\wp-content\plugins\wp-background-processing-example-master\example-plugin.php 行：158 
array (
)
===============================


===============================
[2016-09-29 05:57:52]  test here []  文件：F:\WordPress-1\wp-content\plugins\wp-background-processing-example-master\example-plugin.php 行：158 
array (
)
===============================


===============================
[2016-09-29 05:57:53]  test here []  文件：F:\WordPress-1\wp-content\plugins\wp-background-processing-example-master\example-plugin.php 行：158 
array (
)
===============================


===============================
[2016-09-29 05:57:55]  test here []  文件：F:\WordPress-1\wp-content\plugins\wp-background-processing-example-master\example-plugin.php 行：158 
array (
)
===============================


===============================
[2016-09-29 05:57:55]  test here []  文件：F:\WordPress-1\wp-content\plugins\wp-background-processing-example-master\example-plugin.php 行：158 
array (
)
===============================


===============================
[2016-09-29 05:57:56]  test here []  文件：F:\WordPress-1\wp-content\plugins\wp-background-processing-example-master\example-plugin.php 行：158 
array (
)
===============================


===============================
[2016-09-29 05:57:57]  test here []  文件：F:\WordPress-1\wp-content\plugins\wp-background-processing-example-master\example-plugin.php 行：158 
array (
)
===============================


===============================
[2016-09-29 05:57:58]  test here []  文件：F:\WordPress-1\wp-content\plugins\wp-background-processing-example-master\example-plugin.php 行：158 
array (
)
===============================


===============================
[2016-09-29 05:57:58]  test here []  文件：F:\WordPress-1\wp-content\plugins\wp-background-processing-example-master\example-plugin.php 行：158 
array (
)
===============================


===============================
[2016-09-29 05:57:59]  test here []  文件：F:\WordPress-1\wp-content\plugins\wp-background-processing-example-master\example-plugin.php 行：158 
array (
)
===============================


===============================
[2016-09-29 05:58:00]  test here []  文件：F:\WordPress-1\wp-content\plugins\wp-background-processing-example-master\example-plugin.php 行：158 
array (
)
===============================


===============================
[2016-09-29 05:58:00]  test here []  文件：F:\WordPress-1\wp-content\plugins\wp-background-processing-example-master\example-plugin.php 行：158 
array (
)
===============================


===============================
[2016-09-29 05:58:00]  test here []  文件：F:\WordPress-1\wp-content\plugins\wp-background-processing-example-master\example-plugin.php 行：158 
array (
)
===============================


===============================
[2016-09-29 05:58:02]  test here []  文件：F:\WordPress-1\wp-content\plugins\wp-background-processing-example-master\example-plugin.php 行：158 
array (
)
===============================


===============================
[2016-09-29 05:58:02]  test here []  文件：F:\WordPress-1\wp-content\plugins\wp-background-processing-example-master\example-plugin.php 行：158 
array (
)
===============================


===============================
[2016-09-29 05:58:03]  test here []  文件：F:\WordPress-1\wp-content\plugins\wp-background-processing-example-master\example-plugin.php 行：158 
array (
)
===============================


===============================
[2016-09-29 05:58:04]  test here []  文件：F:\WordPress-1\wp-content\plugins\wp-background-processing-example-master\example-plugin.php 行：158 
array (
)
===============================


===============================
[2016-09-29 05:58:04]  test here []  文件：F:\WordPress-1\wp-content\plugins\wp-background-processing-example-master\example-plugin.php 行：158 
array (
)
===============================


===============================
[2016-09-29 05:58:05]  test here []  文件：F:\WordPress-1\wp-content\plugins\wp-background-processing-example-master\example-plugin.php 行：158 
array (
)
===============================


===============================
[2016-09-29 05:58:06]  test here []  文件：F:\WordPress-1\wp-content\plugins\wp-background-processing-example-master\example-plugin.php 行：158 
array (
)
===============================


===============================
[2016-09-29 05:58:06]  test here []  文件：F:\WordPress-1\wp-content\plugins\wp-background-processing-example-master\example-plugin.php 行：158 
array (
)
===============================


===============================
[2016-09-29 05:58:07]  test here []  文件：F:\WordPress-1\wp-content\plugins\wp-background-processing-example-master\example-plugin.php 行：158 
array (
)
===============================


===============================
[2016-09-29 05:58:08]  test here []  文件：F:\WordPress-1\wp-content\plugins\wp-background-processing-example-master\example-plugin.php 行：158 
array (
)
===============================


===============================
[2016-09-29 05:58:08]  test here []  文件：F:\WordPress-1\wp-content\plugins\wp-background-processing-example-master\example-plugin.php 行：158 
array (
)
===============================


===============================
[2016-09-29 05:58:09]  test here []  文件：F:\WordPress-1\wp-content\plugins\wp-background-processing-example-master\example-plugin.php 行：158 
array (
)
===============================


===============================
[2016-09-29 06:01:11]  Grant Buel: Lorem ipsum dolor sit amet, consectetur adipiscing elit. Sint ista Graecorum; Respondent extrema primis, media utrisque, omnia omnibus. Scaevolam M. Maximus dolor, inquit, brevis est. []  文件：F:\WordPress-1\wp-content\plugins\wp-background-processing-example-master\class-logger.php 行：21 
array (
)
===============================


===============================
[2016-09-29 06:01:17]  Bryon Pennywell: Lorem ipsum dolor sit amet, consectetur adipiscing elit. Si longus, levis. At certe gravius. Duo Reges: constructio interrete. Primum divisit ineleganter; []  文件：F:\WordPress-1\wp-content\plugins\wp-background-processing-example-master\class-logger.php 行：21 
array (
)
===============================


===============================
[2016-09-29 06:01:22]  Jarred Mccuiston: Lorem ipsum dolor sit amet, consectetur adipiscing elit. Hoc loco tenere se Triarius non potuit. Velut ego nunc moveor. Vide, quantum, inquam, fallare, Torquate. []  文件：F:\WordPress-1\wp-content\plugins\wp-background-processing-example-master\class-logger.php 行：21 
array (
)
===============================


===============================
[2016-09-29 06:01:28]  Reynaldo Azcona: Lorem ipsum dolor sit amet, consectetur adipiscing elit. Minime vero, inquit ille, consentit. Quis istud, quaeso, nesciebat? Quis istud possit, inquit, negare? Bestiarum vero nullum iudicium puto. Duo Reges: constructio interrete. Quod quidem nobis non saepe contingit. []  文件：F:\WordPress-1\wp-content\plugins\wp-background-processing-example-master\class-logger.php 行：21 
array (
)
===============================


===============================
[2016-09-29 06:01:39]  Jarrett Pelc: Lorem ipsum dolor sit amet, consectetur adipiscing elit. Primum quid tu dicis breve? Quid censes in Latino fore? Duo Reges: constructio interrete. Efficiens dici potest. A mene tu? Quid de Platone aut de Democrito loquar? []  文件：F:\WordPress-1\wp-content\plugins\wp-background-processing-example-master\class-logger.php 行：21 
array (
)
===============================


===============================
[2016-09-29 06:01:39]  Jarrett Pelc: Lorem ipsum dolor sit amet, consectetur adipiscing elit. Quae est igitur causa istarum angustiarum? Ut pulsi recurrant? Equidem e Cn. Duo Reges: constructio interrete. Erat enim Polemonis. Sed quot homines, tot sententiae; Quis est tam dissimile homini. []  文件：F:\WordPress-1\wp-content\plugins\wp-background-processing-example-master\class-logger.php 行：21 
array (
)
===============================


===============================
[2016-09-29 06:01:44]  Blake Terrill: Lorem ipsum dolor sit amet, consectetur adipiscing elit. Falli igitur possumus. Ut aliquid scire se gaudeant? Eaedem res maneant alio modo. []  文件：F:\WordPress-1\wp-content\plugins\wp-background-processing-example-master\class-logger.php 行：21 
array (
)
===============================


===============================
[2016-09-29 06:01:44]  Blake Terrill: Lorem ipsum dolor sit amet, consectetur adipiscing elit. Eaedem res maneant alio modo. Audeo dicere, inquit. Idemne, quod iucunde? Sed quot homines, tot sententiae; []  文件：F:\WordPress-1\wp-content\plugins\wp-background-processing-example-master\class-logger.php 行：21 
array (
)
===============================


===============================
[2016-09-29 06:01:50]  Romeo Tiernan: Lorem ipsum dolor sit amet, consectetur adipiscing elit. Perge porro; Tum mihi Piso: Quid ergo? []  文件：F:\WordPress-1\wp-content\plugins\wp-background-processing-example-master\class-logger.php 行：21 
array (
)
===============================


===============================
[2016-09-29 06:01:50]  Romeo Tiernan: Lorem ipsum dolor sit amet, consectetur adipiscing elit. Tria genera bonorum; Peccata paria. Deprehensus omnem poenam contemnet. Vestri haec verecundius, illi fortasse constantius. Duo Reges: constructio interrete. Quonam modo? []  文件：F:\WordPress-1\wp-content\plugins\wp-background-processing-example-master\class-logger.php 行：21 
array (
)
===============================


===============================
[2016-09-29 06:01:55]  Marion Buckle: Lorem ipsum dolor sit amet, consectetur adipiscing elit. Sedulo, inquam, faciam. Tubulo putas dicere? Inde igitur, inquit, ordiendum est. Duo Reges: constructio interrete. Ut aliquid scire se gaudeant? Paria sunt igitur. Quonam, inquit, modo? []  文件：F:\WordPress-1\wp-content\plugins\wp-background-processing-example-master\class-logger.php 行：21 
array (
)
===============================


===============================
[2016-09-29 06:01:56]  Marion Buckle: Lorem ipsum dolor sit amet, consectetur adipiscing elit. Duo Reges: constructio interrete. Sed haec nihil sane ad rem; Nos vero, inquit ille; Satis est ad hoc responsum. []  文件：F:\WordPress-1\wp-content\plugins\wp-background-processing-example-master\class-logger.php 行：21 
array (
)
===============================


===============================
[2016-09-29 06:02:07]  Theodore Barley: Lorem ipsum dolor sit amet, consectetur adipiscing elit. Sed ego in hoc resisto; Sed quid sentiat, non videtis. Quid, quod res alia tota est? Quid adiuvas? Sed ille, ut dixi, vitiose. Duo enim genera quae erant, fecit tria. []  文件：F:\WordPress-1\wp-content\plugins\wp-background-processing-example-master\class-logger.php 行：21 
array (
)
===============================


===============================
[2016-09-29 06:02:14]  Carmine Hopple: Lorem ipsum dolor sit amet, consectetur adipiscing elit. Quid de Pythagora? Tum mihi Piso: Quid ergo? Beatus sibi videtur esse moriens. In schola desinis. Duo Reges: constructio interrete. Summum ením bonum exposuit vacuitatem doloris; []  文件：F:\WordPress-1\wp-content\plugins\wp-background-processing-example-master\class-logger.php 行：21 
array (
)
===============================


===============================
[2016-09-29 06:02:19]  Suzi Rodrique: Lorem ipsum dolor sit amet, consectetur adipiscing elit. Suo genere perveniant ad extremum; Memini vero, inquam; Sequitur disserendi ratio cognitioque naturae; Quid est igitur, inquit, quod requiras? Istic sum, inquit. []  文件：F:\WordPress-1\wp-content\plugins\wp-background-processing-example-master\class-logger.php 行：21 
array (
)
===============================


===============================
[2016-09-29 06:02:25]  Fran Velez: Lorem ipsum dolor sit amet, consectetur adipiscing elit. Sed ad bona praeterita redeamus. Recte, inquit, intellegis. Duo Reges: constructio interrete. Recte dicis; Quis enim redargueret? []  文件：F:\WordPress-1\wp-content\plugins\wp-background-processing-example-master\class-logger.php 行：21 
array (
)
===============================


===============================
[2016-09-29 06:02:41]  Sherly Bolten: Lorem ipsum dolor sit amet, consectetur adipiscing elit. Tubulo putas dicere? Venit ad extremum; Ut pulsi recurrant? []  文件：F:\WordPress-1\wp-content\plugins\wp-background-processing-example-master\class-logger.php 行：21 
array (
)
===============================


===============================
[2016-09-29 06:02:46]  Rossana Ohalloran: Lorem ipsum dolor sit amet, consectetur adipiscing elit. Quonam, inquit, modo? Sed plane dicit quod intellegit. []  文件：F:\WordPress-1\wp-content\plugins\wp-background-processing-example-master\class-logger.php 行：21 
array (
)
===============================


===============================
[2016-09-29 06:02:52]  Sonya Water: Lorem ipsum dolor sit amet, consectetur adipiscing elit. Res enim concurrent contrariae. Tubulo putas dicere? Duo Reges: constructio interrete. []  文件：F:\WordPress-1\wp-content\plugins\wp-background-processing-example-master\class-logger.php 行：21 
array (
)
===============================


===============================
[2016-09-29 06:02:58]  Marget Bejarano: Lorem ipsum dolor sit amet, consectetur adipiscing elit. Immo videri fortasse. Ille enim occurrentia nescio quae comminiscebatur; Duo Reges: constructio interrete. Occultum facinus esse potuerit, gaudebit; []  文件：F:\WordPress-1\wp-content\plugins\wp-background-processing-example-master\class-logger.php 行：21 
array (
)
===============================


===============================
[2016-09-29 06:03:16]  Leslee Mans: Lorem ipsum dolor sit amet, consectetur adipiscing elit. Praeteritis, inquit, gaudeo. Refert tamen, quo modo. Moriatur, inquit. []  文件：F:\WordPress-1\wp-content\plugins\wp-background-processing-example-master\class-logger.php 行：21 
array (
)
===============================


===============================
[2016-09-29 06:03:22]  Fernanda Eldred: Lorem ipsum dolor sit amet, consectetur adipiscing elit. An eiusdem modi? Estne, quaeso, inquam, sitienti in bibendo voluptas? Quae sequuntur igitur? An potest cupiditas finiri? Vide, quaeso, rectumne sit. Nihil illinc huc pervenit. []  文件：F:\WordPress-1\wp-content\plugins\wp-background-processing-example-master\class-logger.php 行：21 
array (
)
===============================


===============================
[2016-09-29 06:03:31]  Terina Calvo: Lorem ipsum dolor sit amet, consectetur adipiscing elit. Sed virtutem ipsam inchoavit, nihil amplius. Sed fortuna fortis; Quis istum dolorem timet? []  文件：F:\WordPress-1\wp-content\plugins\wp-background-processing-example-master\class-logger.php 行：21 
array (
)
===============================


===============================
[2016-09-29 06:03:51]  Dawn Partridge: Lorem ipsum dolor sit amet, consectetur adipiscing elit. Quo tandem modo? Hic nihil fuit, quod quaereremus. Quid de Platone aut de Democrito loquar? An eiusdem modi? []  文件：F:\WordPress-1\wp-content\plugins\wp-background-processing-example-master\class-logger.php 行：21 
array (
)
===============================


===============================
[2016-09-29 06:03:56]  Grant Buel: Lorem ipsum dolor sit amet, consectetur adipiscing elit. Sint ista Graecorum; Vide, quantum, inquam, fallare, Torquate. []  文件：F:\WordPress-1\wp-content\plugins\wp-background-processing-example-master\class-logger.php 行：21 
array (
)
===============================


===============================
[2016-09-29 06:04:02]  Bryon Pennywell: Lorem ipsum dolor sit amet, consectetur adipiscing elit. Quodsi ipsam honestatem undique pertectam atque absolutam. Sint ista Graecorum; Quare conare, quaeso. []  文件：F:\WordPress-1\wp-content\plugins\wp-background-processing-example-master\class-logger.php 行：21 
array (
)
===============================


===============================
[2016-09-29 06:04:08]  Jarred Mccuiston: Lorem ipsum dolor sit amet, consectetur adipiscing elit. Frater et T. Quamquam tu hanc copiosiorem etiam soles dicere. Graccho, eius fere, aequalí? []  文件：F:\WordPress-1\wp-content\plugins\wp-background-processing-example-master\class-logger.php 行：21 
array (
)
===============================


===============================
[2016-09-29 06:04:28]  Reynaldo Azcona: Lorem ipsum dolor sit amet, consectetur adipiscing elit. Et quidem, inquit, vehementer errat; At hoc in eo M. Ratio quidem vestra sic cogit. At enim hic etiam dolore. []  文件：F:\WordPress-1\wp-content\plugins\wp-background-processing-example-master\class-logger.php 行：21 
array (
)
===============================


===============================
[2016-09-29 06:04:33]  Jarrett Pelc: Lorem ipsum dolor sit amet, consectetur adipiscing elit. Tu quidem reddes; Deinde dolorem quem maximum? []  文件：F:\WordPress-1\wp-content\plugins\wp-background-processing-example-master\class-logger.php 行：21 
array (
)
===============================


===============================
[2016-09-29 06:04:39]  Blake Terrill: Lorem ipsum dolor sit amet, consectetur adipiscing elit. Sed residamus, inquit, si placet. Deinde dolorem quem maximum? Facete M. Ut pulsi recurrant? []  文件：F:\WordPress-1\wp-content\plugins\wp-background-processing-example-master\class-logger.php 行：21 
array (
)
===============================


===============================
[2016-09-29 06:04:45]  Romeo Tiernan: Lorem ipsum dolor sit amet, consectetur adipiscing elit. Sit enim idem caecus, debilis. Proclivi currit oratio. At certe gravius. []  文件：F:\WordPress-1\wp-content\plugins\wp-background-processing-example-master\class-logger.php 行：21 
array (
)
===============================


===============================
[2016-09-29 06:05:08]  Marion Buckle: Lorem ipsum dolor sit amet, consectetur adipiscing elit. Bonum valitudo: miser morbus. Quare conare, quaeso. Qualem igitur hominem natura inchoavit? Duo Reges: constructio interrete. Illa tamen simplicia, vestra versuta. []  文件：F:\WordPress-1\wp-content\plugins\wp-background-processing-example-master\class-logger.php 行：21 
array (
)
===============================


===============================
[2016-09-29 06:05:14]  Theodore Barley: Lorem ipsum dolor sit amet, consectetur adipiscing elit. Nihil enim hoc differt. Eam stabilem appellas. Bonum integritas corporis: misera debilitas. []  文件：F:\WordPress-1\wp-content\plugins\wp-background-processing-example-master\class-logger.php 行：21 
array (
)
===============================


===============================
[2016-09-29 06:05:20]  Carmine Hopple: Lorem ipsum dolor sit amet, consectetur adipiscing elit. Age sane, inquam. Immo alio genere; Vide, quantum, inquam, fallare, Torquate. Cur iustitia laudatur? Sed ego in hoc resisto; Sed nimis multa. Cur deinde Metrodori liberos commendas? Duo Reges: constructio interrete. []  文件：F:\WordPress-1\wp-content\plugins\wp-background-processing-example-master\class-logger.php 行：21 
array (
)
===============================


===============================
[2016-09-29 06:05:39]  Suzi Rodrique: Lorem ipsum dolor sit amet, consectetur adipiscing elit. Tollenda est atque extrahenda radicitus. Restinguet citius, si ardentem acceperit. Respondeat totidem verbis. Immo videri fortasse. []  文件：F:\WordPress-1\wp-content\plugins\wp-background-processing-example-master\class-logger.php 行：21 
array (
)
===============================


===============================
[2016-09-29 06:05:45]  Fran Velez: Lorem ipsum dolor sit amet, consectetur adipiscing elit. Reguli reiciendam; Duo Reges: constructio interrete. Multoque hoc melius nos veriusque quam Stoici. Itaque his sapiens semper vacabit. Cur, nisi quod turpis oratio est? Stoicos roga. []  文件：F:\WordPress-1\wp-content\plugins\wp-background-processing-example-master\class-logger.php 行：21 
array (
)
===============================


===============================
[2016-09-29 06:05:50]  Sherly Bolten: Lorem ipsum dolor sit amet, consectetur adipiscing elit. Minime vero istorum quidem, inquit. A mene tu? Quae cum essent dicta, discessimus. []  文件：F:\WordPress-1\wp-content\plugins\wp-background-processing-example-master\class-logger.php 行：21 
array (
)
===============================


===============================
[2016-09-29 06:05:56]  Rossana Ohalloran: Lorem ipsum dolor sit amet, consectetur adipiscing elit. Ille enim occurrentia nescio quae comminiscebatur; Poterat autem inpune; Si quidem, inquit, tollerem, sed relinquo. []  文件：F:\WordPress-1\wp-content\plugins\wp-background-processing-example-master\class-logger.php 行：21 
array (
)
===============================


===============================
[2016-09-29 06:07:12]  Terina Calvo: Lorem ipsum dolor sit amet, consectetur adipiscing elit. Zenonis est, inquam, hoc Stoici. Videamus animi partes, quarum est conspectus illustrior; Ego vero isti, inquam, permitto. Si longus, levis. Num quid tale Democritus? A mene tu? Duo Reges: constructio interrete. Apparet statim, quae sint officia, quae actiones. []  文件：F:\WordPress-1\wp-content\plugins\wp-background-processing-example-master\class-logger.php 行：21 
array (
)
===============================


===============================
[2016-09-29 06:07:18]  Dawn Partridge: Lorem ipsum dolor sit amet, consectetur adipiscing elit. Duo Reges: constructio interrete. Non laboro, inquit, de nomine. Sed videbimus. Faceres tu quidem, Torquate, haec omnia; Sed quid sentiat, non videtis. []  文件：F:\WordPress-1\wp-content\plugins\wp-background-processing-example-master\class-logger.php 行：21 
array (
)
===============================


===============================
[2016-09-29 06:07:23]  Grant Buel: Lorem ipsum dolor sit amet, consectetur adipiscing elit. Idemne, quod iucunde? Magna laus. Bonum liberi: misera orbitas. Et quidem, inquit, vehementer errat; Illi enim inter se dissentiunt. Cur post Tarentum ad Archytam? []  文件：F:\WordPress-1\wp-content\plugins\wp-background-processing-example-master\class-logger.php 行：21 
array (
)
===============================


===============================
[2016-09-29 06:07:29]  Bryon Pennywell: Lorem ipsum dolor sit amet, consectetur adipiscing elit. Si longus, levis dictata sunt. Haec para/doca illi, nos admirabilia dicamus. Respondeat totidem verbis. Quid enim? Reguli reiciendam; Duo Reges: constructio interrete. []  文件：F:\WordPress-1\wp-content\plugins\wp-background-processing-example-master\class-logger.php 行：21 
array (
)
===============================


===============================
[2016-09-29 06:08:03]  Jarred Mccuiston: Lorem ipsum dolor sit amet, consectetur adipiscing elit. Igitur ne dolorem quidem. Quae ista amicitia est? Quippe: habes enim a rhetoribus; Hunc vos beatum; Duo Reges: constructio interrete. Sed nimis multa. Memini me adesse P. Oratio me istius philosophi non offendit; []  文件：F:\WordPress-1\wp-content\plugins\wp-background-processing-example-master\class-logger.php 行：21 
array (
)
===============================


===============================
[2016-09-29 06:08:09]  Reynaldo Azcona: Lorem ipsum dolor sit amet, consectetur adipiscing elit. Si longus, levis; Bonum integritas corporis: misera debilitas. Inquit, dasne adolescenti veniam? Quis Aristidem non mortuum diligit? Si quae forte-possumus. Duo Reges: constructio interrete. []  文件：F:\WordPress-1\wp-content\plugins\wp-background-processing-example-master\class-logger.php 行：21 
array (
)
===============================


===============================
[2016-09-29 06:08:14]  Jarrett Pelc: Lorem ipsum dolor sit amet, consectetur adipiscing elit. Nos commodius agimus. Idemne, quod iucunde? Duo Reges: constructio interrete. Tibi hoc incredibile, quod beatissimum. Erat enim Polemonis. Praeclare hoc quidem. []  文件：F:\WordPress-1\wp-content\plugins\wp-background-processing-example-master\class-logger.php 行：21 
array (
)
===============================


===============================
[2016-09-29 06:08:20]  Blake Terrill: Lorem ipsum dolor sit amet, consectetur adipiscing elit. Quibusnam praeteritis? Sequitur disserendi ratio cognitioque naturae; Praeteritis, inquit, gaudeo. Egone quaeris, inquit, quid sentiam? []  文件：F:\WordPress-1\wp-content\plugins\wp-background-processing-example-master\class-logger.php 行：21 
array (
)
===============================


===============================
[2016-09-29 06:08:53]  Sherly Bolten: Lorem ipsum dolor sit amet, consectetur adipiscing elit. Sedulo, inquam, faciam. Certe, nisi voluptatem tanti aestimaretis. Hunc vos beatum; Est enim effectrix multarum et magnarum voluptatum. []  文件：F:\WordPress-1\wp-content\plugins\wp-background-processing-example-master\class-logger.php 行：21 
array (
)
===============================


===============================
[2016-09-29 06:08:59]  Romeo Tiernan: Lorem ipsum dolor sit amet, consectetur adipiscing elit. Frater et T. Non igitur bene. Sed haec omittamus; []  文件：F:\WordPress-1\wp-content\plugins\wp-background-processing-example-master\class-logger.php 行：21 
array (
)
===============================


===============================
[2016-09-29 06:09:05]  Marion Buckle: Lorem ipsum dolor sit amet, consectetur adipiscing elit. Quam nemo umquam voluptatem appellavit, appellat; Praeclare hoc quidem. Bestiarum vero nullum iudicium puto. Pauca mutat vel plura sane; Teneo, inquit, finem illi videri nihil dolere. Duo Reges: constructio interrete. []  文件：F:\WordPress-1\wp-content\plugins\wp-background-processing-example-master\class-logger.php 行：21 
array (
)
===============================


===============================
[2016-09-29 06:09:11]  Theodore Barley: Lorem ipsum dolor sit amet, consectetur adipiscing elit. Bonum incolumis acies: misera caecitas. Si quae forte-possumus. Respondeat totidem verbis. Quid ergo? Efficiens dici potest. Multoque hoc melius nos veriusque quam Stoici. []  文件：F:\WordPress-1\wp-content\plugins\wp-background-processing-example-master\class-logger.php 行：21 
array (
)
===============================


===============================
[2016-09-29 06:09:16]  Carmine Hopple: Lorem ipsum dolor sit amet, consectetur adipiscing elit. Restatis igitur vos; Magna laus. []  文件：F:\WordPress-1\wp-content\plugins\wp-background-processing-example-master\class-logger.php 行：21 
array (
)
===============================


===============================
[2016-09-29 06:09:56]  Suzi Rodrique: Lorem ipsum dolor sit amet, consectetur adipiscing elit. Beatum, inquit. Itaque his sapiens semper vacabit. Duo Reges: constructio interrete. Certe non potest. Id Sextilius factum negabat. Tu quidem reddes; []  文件：F:\WordPress-1\wp-content\plugins\wp-background-processing-example-master\class-logger.php 行：21 
array (
)
===============================


===============================
[2016-09-29 06:10:02]  Fran Velez: Lorem ipsum dolor sit amet, consectetur adipiscing elit. Nihil enim hoc differt. Neutrum vero, inquit ille. Dat enim intervalla et relaxat. Non semper, inquam; Duo Reges: constructio interrete. Quid sequatur, quid repugnet, vident. Scisse enim te quis coarguere possit? []  文件：F:\WordPress-1\wp-content\plugins\wp-background-processing-example-master\class-logger.php 行：21 
array (
)
===============================


===============================
[2016-09-29 06:10:08]  Sherly Bolten: Lorem ipsum dolor sit amet, consectetur adipiscing elit. Sed haec in pueris; Frater et T. Qui est in parvis malis. Duo Reges: constructio interrete. Haeret in salebra. []  文件：F:\WordPress-1\wp-content\plugins\wp-background-processing-example-master\class-logger.php 行：21 
array (
)
===============================


===============================
[2016-09-29 06:10:14]  Rossana Ohalloran: Lorem ipsum dolor sit amet, consectetur adipiscing elit. Haec dicuntur inconstantissime. Cur post Tarentum ad Archytam? Duo Reges: constructio interrete. Nam quid possumus facere melius? []  文件：F:\WordPress-1\wp-content\plugins\wp-background-processing-example-master\class-logger.php 行：21 
array (
)
===============================


===============================
[2016-09-29 06:10:57]  Sonya Water: Lorem ipsum dolor sit amet, consectetur adipiscing elit. Tria genera bonorum; Itaque ab his ordiamur. Non est igitur voluptas bonum. At enim sequor utilitatem. Memini vero, inquam; Duo Reges: constructio interrete. Sed plane dicit quod intellegit. []  文件：F:\WordPress-1\wp-content\plugins\wp-background-processing-example-master\class-logger.php 行：21 
array (
)
===============================


===============================
[2016-09-29 06:11:02]  Marget Bejarano: Lorem ipsum dolor sit amet, consectetur adipiscing elit. Tu quidem reddes; Nam de isto magna dissensio est. Recte, inquit, intellegis. Quid de Pythagora? []  文件：F:\WordPress-1\wp-content\plugins\wp-background-processing-example-master\class-logger.php 行：21 
array (
)
===============================


===============================
[2016-09-29 06:11:26]  Sonya Water: Lorem ipsum dolor sit amet, consectetur adipiscing elit. Si longus, levis. Tanta vis admonitionis inest in locis; Quis hoc dicit? Duo Reges: constructio interrete. Venit ad extremum; Pauca mutat vel plura sane; []  文件：F:\WordPress-1\wp-content\plugins\wp-background-processing-example-master\class-logger.php 行：21 
array (
)
===============================


===============================
[2016-09-29 06:12:43]  Terina Calvo: Lorem ipsum dolor sit amet, consectetur adipiscing elit. Urgent tamen et nihil remittunt. Respondent extrema primis, media utrisque, omnia omnibus. []  文件：F:\WordPress-1\wp-content\plugins\wp-background-processing-example-master\class-logger.php 行：21 
array (
)
===============================


===============================
[2016-09-29 06:12:48]  Dawn Partridge: Lorem ipsum dolor sit amet, consectetur adipiscing elit. Tenent mordicus. Duo Reges: constructio interrete. Id mihi magnum videtur. Prioris generis est docilitas, memoria; Quare attende, quaeso. Maximus dolor, inquit, brevis est. []  文件：F:\WordPress-1\wp-content\plugins\wp-background-processing-example-master\class-logger.php 行：21 
array (
)
===============================

